2023-09-26 12:21:02.860 [1099] initTrade:ser_url:106.15.74.182;ser_port:10001;ser_aes:ABCDEFGHABCDEFGH;ser_pubkem:./pubkey.pem [TradeProtocol.cpp:30]
2023-09-26 12:21:02.954 [1099] initTrade:socketId:4 [TradeProtocol.cpp:39]
2023-09-26 12:21:02.954 [1099] int TradeProtocol::doLoginTrade(ITG::LoginRequest request) [TradeProtocol.cpp:86]
2023-09-26 12:21:02.954 [1099] doLoginTrade request:jsonstr:{"itg":{"content":{"accountPwd":"21218CCA77804D2BA1922C33E0151105"},"infCode":"ITG_LOGIN_ACCOUNT","msgTime":"122102954","msgType":0,"opUserCode":"fk0001","opUserType":1,"reqNo":"122102954","reqSource":"CXH_CHANNEL_REQSOURCE"}};ilen:226 [TradeProtocol.cpp:121]
2023-09-26 12:21:03.006 [1099] doLoginTrade response:jsonstr:{"itg":{"content":{"accountCommission":"0.0003","accountName":"fk0001","accountPwd":"21218cca77804d2ba1922c33e0151105","accountStatus":0,"bpLine":"1000000","closingDownLine":"10000","desc":"","isAutoShutdown":1,"isEveningUp":1,"loginDate":"20230926","loginDiskSn":"","loginIp":"","loginMac":"","loginTime":"202104143","newMinFee":"5","teamCode":"100001"},"errDesc":"","infCode":"ITG_LOGIN_ACCOUNT","msgTime":"202104143","msgType":1,"opUserCode":"fk0001","opUserType":1,"reqNo":"122102954","reqSource":"CXH_CHANNEL_REQSOURCE","respCode":0}}2023-09-26 12:21:03.006 [1099] doLoginTrade success:m_teamCode:100001;m_userId:fk0001;m_userId:fk0001 [TradeProtocol.cpp:158]
2023-09-26 12:21:03.007 [1099] int ~TradeProtocol::doLoginTrade(ITG::LoginRequest request) [TradeProtocol.cpp:173]
2023-09-26 12:21:03.008 [1099] int TradeProtocol::doKeepAliveTrade() [TradeProtocol.cpp:550]
2023-09-26 12:21:03.008 [1099] doKeepAliveTrade request:jsonstr:{"itg":{"content":{"time":"20230926122103","to":1},"infCode":"ITG_DO_KEEP_ALIVE","msgTime":"20230926122103","msgType":0,"opUserCode":"fk0001","opUserType":1,"reqNo":"20230926122103","reqSource":"CXH_CHANNEL_REQSOURCE"}};ilen:219 [TradeProtocol.cpp:580]
2023-09-26 12:21:03.008 [1099] int ~TradeProtocol::doKeepAliveTrade() [TradeProtocol.cpp:592]
2023-09-26 12:21:03.053 [1099] void TradeProtocol::doing(string jsonstr, int jsonlen) [TradeProtocol.cpp:738]
2023-09-26 12:21:03.053 [1099] doing request:jsonstr:{"itg":{"content":{"time":"20230926202104","to":2},"errDesc":"","infCode":"ITG_DO_KEEP_ALIVE","msgTime":"20230926202104","msgType":1,"opUserCode":"fk0001","opUserType":1,"reqNo":"20230926122103","reqSource":"CXH_CHANNEL_REQSOURCE","respCode":0}}2023-09-26 12:21:03.053 [1099] void ~TradeProtocol::doing(string jsonstr, int jsonlen) [TradeProtocol.cpp:1009]
2023-09-26 12:21:04.008 [1099] int TradeProtocol::doPlaceOrder(const ITG::LimitOrderRequest *order) [TradeProtocol.cpp:261]
2023-09-26 12:21:04.008 [1099] doPlaceOrder request:jsonstr:{"itg":{"content":{"accountCode":"fk0001","appointCnt":100.0,"appointPrice":"3.900000","appointType":1,"freqNo":"20230101101010","ipAddr":"","macAddr":"","productCode":"","snAddr":"","stockCode":"605199","teamCode":"100001"},"infCode":"ITG_DO_SUBMIT_ORDER","msgTime":"122104008","msgType":0,"opUserCode":"fk0001","opUserType":1,"reqNo":"20230101101010","reqSource":"CXH_CHANNEL_REQSOURCE"}};ilen:390 [TradeProtocol.cpp:303]
2023-09-26 12:21:04.008 [1099] int ~TradeProtocol::doPlaceOrder(const ITG::LimitOrderRequest *order) [TradeProtocol.cpp:310]
2023-09-26 12:21:04.056 [1099] void TradeProtocol::doing(string jsonstr, int jsonlen) [TradeProtocol.cpp:738]
2023-09-26 12:21:04.056 [1099] doing request:jsonstr:{"itg":{"errDesc":"超出可分配数量,股票代码:605199;数量:100","infCode":"ITG_DO_SUBMIT_ORDER","msgTime":"202105194","msgType":1,"opUserCode":"fk0001","opUserType":1,"reqNo":"20230101101010","reqSource":"CXH_CHANNEL_REQSOURCE","respCode":10}}2023-09-26 12:21:05.009 [1099] int TradeProtocol::doCancelOrder(string order_id) [TradeProtocol.cpp:316]
2023-09-26 12:21:05.009 [1099] doCancelOrder request:jsonstr:{"itg":{"content":{"accountCode":"fk0001","appointOrderCode":"id","teamCode":"100001"},"infCode":"ITG_DO_CANCEL_ORDER","msgTime":"122105009","msgType":0,"opUserCode":"fk0001","opUserType":1,"reqNo":"122105009","reqSource":"CXH_CHANNEL_REQSOURCE"}};ilen:247 [TradeProtocol.cpp:349]
2023-09-26 12:21:05.009 [1099] int ~TradeProtocol::doCancelOrder(string order_id) [TradeProtocol.cpp:356]
2023-09-26 12:21:06.010 [1099] int TradeProtocol::doQueryAsset(string request_id) [TradeProtocol.cpp:362]
2023-09-26 12:21:06.010 [1099] doQueryAsset request:jsonstr:{"itg":{"content":{"accountCode":"fk0001","teamCode":"100001"},"infCode":"ITG_GET_ACCOUNT_PROFIT","msgTime":"122106010","msgType":0,"opUserCode":"fk0001","opUserType":1,"reqNo":"query_asset","reqSource":"CXH_CHANNEL_REQSOURCE"}};ilen:228 [TradeProtocol.cpp:402]
2023-09-26 12:21:06.010 [1099] int ~TradeProtocol::doQueryAsset(string request_id) [TradeProtocol.cpp:409]
2023-09-26 12:21:06.056 [1099] void TradeProtocol::doing(string jsonstr, int jsonlen) [TradeProtocol.cpp:738]
2023-09-26 12:21:06.057 [1099] doing request:jsonstr:{"itg":{"content":{"accountCode":"","accountType":0,"cleanProfit":"0","commissPrice":"0","floatProfit":"0","profitDate":"","teamCode":"","totalPrice":"0","useBuyAmount":"0","useSellAmount":"0"},"errDesc":"","infCode":"ITG_GET_ACCOUNT_PROFIT","msgTime":"202107193","msgType":1,"opUserCode":"fk0001","opUserType":1,"reqNo":"query_asset","reqSource":"CXH_CHANNEL_REQSOURCE","respCode":0}}2023-09-26 12:21:06.057 [1099] void ~TradeProtocol::doing(string jsonstr, int jsonlen) [TradeProtocol.cpp:1009]
2023-09-26 12:21:07.011 [1099] int TradeProtocol::doQueryPosition(string request_id) [TradeProtocol.cpp:415]
2023-09-26 12:21:07.011 [1099] doQueryPosition request:jsonstr:{"itg":{"content":{"accountCode":"fk0001","teamCode":"100001"},"infCode":"ITG_GET_POSITION","msgTime":"122107011","msgType":0,"opUserCode":"fk0001","opUserType":1,"reqNo":"query_position","reqSource":"CXH_CHANNEL_REQSOURCE"}};ilen:225 [TradeProtocol.cpp:447]
2023-09-26 12:21:07.011 [1099] int ~TradeProtocol::doQueryPosition(string request_id) [TradeProtocol.cpp:454]
2023-09-26 12:21:07.059 [1099] void TradeProtocol::doing(string jsonstr, int jsonlen) [TradeProtocol.cpp:738]
2023-09-26 12:21:07.059 [1099] doing request:jsonstr:{"itg":{"content":{"appointList":[{"accountCode":"fk0001","allottedCnt":200,"canBuy":200,"canSale":200,"productCode":"200001","productName":"模拟200001","propVote":"","stockCode":"601989","stockType":0,"teamCode":"100001"}]},"errDesc":"","infCode":"ITG_GET_POSITION","msgTime":"122107011","msgType":1,"opUserCode":"fk0001","opUserType":1,"reqNo":"query_position","reqSource":"CXH_CHANNEL_REQSOURCE","respCode":0}}2023-09-26 12:21:07.059 [1099] void ~TradeProtocol::doing(string jsonstr, int jsonlen) [TradeProtocol.cpp:1009]
2023-09-26 12:21:08.012 [1099] int TradeProtocol::doQueryOrder(string request_id) [TradeProtocol.cpp:460]
2023-09-26 12:21:08.012 [1099] doQueryOrder request:jsonstr:{"itg":{"content":{"accountCode":"fk0001","teamCode":"100001"},"infCode":"ITG_GET_ORDER","msgTime":"122108012","msgType":0,"opUserCode":"fk0001","opUserType":1,"reqNo":"query_orders","reqSource":"CXH_CHANNEL_REQSOURCE"}};ilen:220 [TradeProtocol.cpp:492]
2023-09-26 12:21:08.012 [1099] int ~TradeProtocol::doQueryOrder(string request_id) [TradeProtocol.cpp:499]
2023-09-26 12:21:08.059 [1099] void TradeProtocol::doing(string jsonstr, int jsonlen) [TradeProtocol.cpp:738]
2023-09-26 12:21:08.059 [1099] doing request:jsonstr:{"itg":{"content":{"appointList":[{"accountCode":"fk0001","appointCnt":100,"appointOrderCode":"160826769.394","appointPrice":"3.900000","appointStatus":"2","appointStockCode":"601989","appointTime":"160826","appointType":1,"dealAvrPrice":"","dealCnt":0,"freqNo":"20220527111300","isVritual":1,"memo":"","orderDate":"20230926","pkOrder":"160823375.246","productCode":"200001","reqNo":"20220527111300","stockFrom":0,"stockType":0,"teamCode":"100001","tradeCommission":"0.0003","useTimeStr":""},{"accountCode":"fk0001","appointCnt":100,"appointOrderCode":"160826769.394","appointPrice":"3.900000","appointStatus":"2","appointStockCode":"601989","appointTime":"160826","appointType":1,"dealAvrPrice":"0.0","dealCnt":0,"freqNo":"20220527111300","isVritual":1,"memo":"","orderDate":"20230926","pkOrder":"160826763.871","productCode":"200001","reqNo":"20220527111300","stockFrom":0,"stockType":0,"teamCode":"100001","tradeCommission":"0.0003","useTimeStr":""}]},"errDesc":"","infCode":"ITG_GET_ORDER","msgTime":"122108012","msgType":1,"opUserCode":"fk0001","opUserType":1,"reqNo":"query_orders","reqSource":"CXH_CHANNEL_REQSOURCE","respCode":0}}2023-09-26 12:21:08.060 [1099] void ~TradeProtocol::doing(string jsonstr, int jsonlen) [TradeProtocol.cpp:1009]
2023-09-26 12:21:09.013 [1099] int TradeProtocol::doQueryTrade(string request_id) [TradeProtocol.cpp:505]
2023-09-26 12:21:09.013 [1099] doQueryTrade request:jsonstr:{"itg":{"content":{"accountCode":"fk0001","teamCode":"100001"},"infCode":"ITG_GET_DEAL_DETAIL","msgTime":"122109013","msgType":0,"opUserCode":"fk0001","opUserType":1,"reqNo":"query_trades","reqSource":"CXH_CHANNEL_REQSOURCE"}};ilen:226 [TradeProtocol.cpp:537]
2023-09-26 12:21:09.013 [1099] int ~TradeProtocol::doQueryTrade(string request_id) [TradeProtocol.cpp:544]
2023-09-26 12:21:09.060 [1099] void TradeProtocol::doing(string jsonstr, int jsonlen) [TradeProtocol.cpp:738]
2023-09-26 12:21:09.060 [1099] doing request:jsonstr:{"itg":{"content":{"tradeList":null},"errDesc":"","infCode":"ITG_GET_DEAL_DETAIL","msgTime":"122109013","msgType":1,"opUserCode":"fk0001","opUserType":1,"reqNo":"query_trades","reqSource":"CXH_CHANNEL_REQSOURCE","respCode":0}}2023-09-26 12:21:09.060 [1099] void ~TradeProtocol::doing(string jsonstr, int jsonlen) [TradeProtocol.cpp:1009]
